华鹤本地服务 启动端口：3001!
Error: Origin not allowed by CORS
    at origin (/Users/mai/projects/localservice/app.js:20:16)
    at /Users/mai/projects/localservice/node_modules/cors/lib/index.js:219:13
    at optionsCallback (/Users/mai/projects/localservice/node_modules/cors/lib/index.js:199:9)
    at corsMiddleware (/Users/mai/projects/localservice/node_modules/cors/lib/index.js:204:7)
    at Layer.handle [as handle_request] (/Users/mai/projects/localservice/node_modules/express/lib/router/layer.js:95:5)
    at next (/Users/mai/projects/localservice/node_modules/express/lib/router/route.js:137:13)
    at Route.dispatch (/Users/mai/projects/localservice/node_modules/express/lib/router/route.js:112:3)
    at Layer.handle [as handle_request] (/Users/mai/projects/localservice/node_modules/express/lib/router/layer.js:95:5)
    at /Users/mai/projects/localservice/node_modules/express/lib/router/index.js:281:22
    at Function.process_params (/Users/mai/projects/localservice/node_modules/express/lib/router/index.js:335:12)
Error: Origin not allowed by CORS
    at origin (/Users/mai/projects/localservice/app.js:20:16)
    at /Users/mai/projects/localservice/node_modules/cors/lib/index.js:219:13
    at optionsCallback (/Users/mai/projects/localservice/node_modules/cors/lib/index.js:199:9)
    at corsMiddleware (/Users/mai/projects/localservice/node_modules/cors/lib/index.js:204:7)
    at Layer.handle [as handle_request] (/Users/mai/projects/localservice/node_modules/express/lib/router/layer.js:95:5)
    at next (/Users/mai/projects/localservice/node_modules/express/lib/router/route.js:137:13)
    at Route.dispatch (/Users/mai/projects/localservice/node_modules/express/lib/router/route.js:112:3)
    at Layer.handle [as handle_request] (/Users/mai/projects/localservice/node_modules/express/lib/router/layer.js:95:5)
    at /Users/mai/projects/localservice/node_modules/express/lib/router/index.js:281:22
    at Function.process_params (/Users/mai/projects/localservice/node_modules/express/lib/router/index.js:335:12)
Error: Origin not allowed by CORS
    at origin (/Users/mai/projects/localservice/app.js:20:16)
    at /Users/mai/projects/localservice/node_modules/cors/lib/index.js:219:13
    at optionsCallback (/Users/mai/projects/localservice/node_modules/cors/lib/index.js:199:9)
    at corsMiddleware (/Users/mai/projects/localservice/node_modules/cors/lib/index.js:204:7)
    at Layer.handle [as handle_request] (/Users/mai/projects/localservice/node_modules/express/lib/router/layer.js:95:5)
    at next (/Users/mai/projects/localservice/node_modules/express/lib/router/route.js:137:13)
    at Route.dispatch (/Users/mai/projects/localservice/node_modules/express/lib/router/route.js:112:3)
    at Layer.handle [as handle_request] (/Users/mai/projects/localservice/node_modules/express/lib/router/layer.js:95:5)
    at /Users/mai/projects/localservice/node_modules/express/lib/router/index.js:281:22
    at Function.process_params (/Users/mai/projects/localservice/node_modules/express/lib/router/index.js:335:12)
Error: Origin not allowed by CORS
    at origin (/Users/mai/projects/localservice/app.js:20:16)
    at /Users/mai/projects/localservice/node_modules/cors/lib/index.js:219:13
    at optionsCallback (/Users/mai/projects/localservice/node_modules/cors/lib/index.js:199:9)
    at corsMiddleware (/Users/mai/projects/localservice/node_modules/cors/lib/index.js:204:7)
    at Layer.handle [as handle_request] (/Users/mai/projects/localservice/node_modules/express/lib/router/layer.js:95:5)
    at next (/Users/mai/projects/localservice/node_modules/express/lib/router/route.js:137:13)
    at Route.dispatch (/Users/mai/projects/localservice/node_modules/express/lib/router/route.js:112:3)
    at Layer.handle [as handle_request] (/Users/mai/projects/localservice/node_modules/express/lib/router/layer.js:95:5)
    at /Users/mai/projects/localservice/node_modules/express/lib/router/index.js:281:22
    at Function.process_params (/Users/mai/projects/localservice/node_modules/express/lib/router/index.js:335:12)
华鹤本地服务 启动端口：3001
err 1 ReferenceError: application is not defined
    at open.then (/Users/mai/projects/localservice/action.js:79:24)
    at process._tickCallback (internal/process/next_tick.js:68:7)
华鹤本地服务 启动端口：3001
err 1 ReferenceError: application is not defined
    at open.then (/Users/mai/projects/localservice/action.js:79:24)
    at process._tickCallback (internal/process/next_tick.js:68:7)
